July 18 2003   3:44:11.254 PM
 
CVT_BASIS
  Arrange a set of PDE solution data into clusters.
 
  Null cluster policy:
  0, do nothing, accept null clusters;
  1, reset center to a random data point;
  2, reset center to random point in hull;
 
  NULL_CLUSTER_POLICY =      1
 
RANDOM_INITIALIZE
  Initialize RANDOM_NUMBER with user SEED =     12345678
 
What is the run type?
 
  RUN_TYPE =      8
 
  For RUN_TYPE = 8,
  read in the steady state solution from "STEADY.TXT"
  and, letting SS be the steady state solution,
  subtract 5/3 SS from solutions 1 through 250
  subtract 1/3 SS from solutions 251 through 500.
  We DROP the odd numbered solutions.
  We do NOT normalize the result.
 
What is the name of the XY data file?
 
  The file "/a/fs/r1/src-samples/datasets/inout_flow/xy.txt" contains 1681 lines.
 
  X minimum :    0.00000    
  X maximum :    1.00000    
  Y minimum :    0.00000    
  Y maximum :    1.00000    
 
What is the name of the steady state file?
 
  Steady state information was read from
  the file "/a/fs/r1/src-samples/datasets/inout_flow/steady.txt".
 
  Steady max norm =   0.300000    
  Steady l2 norm =     3.38866    
 
What is the name of the first solution file?
 
We believe the number of solution files is    500
 
  The data is stored in an M by N matrix.
 
  The "spatial" dimension M is     3362
  The number of data points N is    500
 
All the data has been read into POINT.
 
  RUN_TYPE = 8:
  Thin out the input data points.
 
  Thinning increment is            2
  Original input data size is    500
  Thinned data size is           250
 
Enter lower and upper number of clusters
 
  The program will try to determine the minimum energy
  of a clustering, for cluster sizes in the range:
      16    16
 
Enter the number of different random cluster configurations to check
 
  For each number of clusters, the number of
  distinct initial random configurations to be checked
  will be      15
 
Enter the number of energy iterations
 
  For each initial random configuration, the number of
  times the program will recompute the cluster centers,
  cluster components, and energy is     30
 
Enter element file for mass matrix preconditioning or "None".
 
  Number of elements =    800
  Number of nodes per element =      6
 
  The bandwidth of the matrix is     85
 
  Compute the mass matrix.
 
  Cholesky-factor the mass matrix.
 
Enter 0 to use raw data, 1 to use normalized data.
 
NORMAL = 0
  Data will NOT be normalized.
 
Number of clusters allowed:     16
 
     1
Initial_RAW    0.159592         0
HMEANS_RAW     0.464518E-02    26
KMEANS_RAW     0.374451E-02    14
 
     2
Initial_RAW    0.151663         0
HMEANS_RAW     0.397273E-02    31
KMEANS_RAW     0.304151E-02    11
 
     3
Initial_RAW    0.148756         0
HMEANS_RAW     0.433279E-02    31
KMEANS_RAW     0.346462E-02    11
 
     4
Initial_RAW    0.156379         0
HMEANS_RAW     0.448440E-02    20
KMEANS_RAW     0.297998E-02    11
 
     5
Initial_RAW    0.152052         0
HMEANS_RAW     0.381245E-02    31
KMEANS_RAW     0.313708E-02    10
 
     6
Initial_RAW    0.158673         0
HMEANS_RAW     0.448440E-02    27
KMEANS_RAW     0.297998E-02    11
 
     7
Initial_RAW    0.158966         0
HMEANS_RAW     0.417992E-02    22
KMEANS_RAW     0.297998E-02    11
 
     8
Initial_RAW    0.159633         0
HMEANS_RAW     0.577615E-02    21
KMEANS_RAW     0.476578E-02    22
 
     9
Initial_RAW    0.160094         0
HMEANS_RAW     0.419102E-02    31
KMEANS_RAW     0.346462E-02    11
 
    10
Initial_RAW    0.159919         0
HMEANS_RAW     0.397576E-02    28
KMEANS_RAW     0.304151E-02    10
 
    11
Initial_RAW    0.159730         0
HMEANS_RAW     0.433587E-02    31
KMEANS_RAW     0.346462E-02    11
 
    12
Initial_RAW    0.157421         0
HMEANS_RAW     0.429260E-02    26
KMEANS_RAW     0.313708E-02    10
 
    13
Initial_RAW    0.158083         0
HMEANS_RAW     0.342387E-02    23
KMEANS_RAW     0.283048E-02    11
 
    14
Initial_RAW    0.159006         0
HMEANS_RAW     0.429260E-02    29
KMEANS_RAW     0.313708E-02    10
 
    15
Initial_RAW    0.159950         0
HMEANS_RAW     0.429423E-02    31
KMEANS_RAW     0.313708E-02    10
 
ANALYSIS_RAW:
  Computed energy range for given cluster size:
 
  (The minimum and maximum should be close if
  we're taking enough iterations.)
 
  Number
  of       Minimum      Maximum
  Clusters Energy       Energy
 
     16        0.0028        0.0048
 
  Energy table:
 
Number
of                   Energy
Clusters  Energy     /point      Sqrt(E/Pt)
 
     16        0.0028        0.0000        0.0034
 
CLUSTER_CENSUS
  Individual cluster population and energy
 
  Index    Population   Percentage   Energy  Percentage  Min  Max
 
      1            10            4  0.258114          5   32   41
      2            22            8  0.169847          3  176  197
      3             5            2  0.285971          6  129  133
      4             9            3  0.253104          5  141  149
      5            84           33  0.416729          9   42  125
      6            15            6  0.202661          4  161  175
      7            11            4  0.203285          4  150  160
      8             6            2  0.431680          9   13   18
      9             5            2  0.382841          8    8   12
     10             4            1  0.329129          7    4    7
     11            53           21  0.159563          3  198  250
     12             6            2  0.279421          5   19   24
     13             7            2  0.256055          5   25   31
     14             3            1  0.356609          7    1    3
     15             7            2  0.284868          6  134  140
     16             3            1  0.276864          5  126  128
 
               ------          ---  ------------    ---
 
  Total           250          100   4.54674        100    1  250
 
CVT_BASIS:
  Writing cluster generators to individual files.
 
  Write file gen_001.txt
  Write file gen_002.txt
  Write file gen_003.txt
  Write file gen_004.txt
  Write file gen_005.txt
  Write file gen_006.txt
  Write file gen_007.txt
  Write file gen_008.txt
  Write file gen_009.txt
  Write file gen_010.txt
  Write file gen_011.txt
  Write file gen_012.txt
  Write file gen_013.txt
  Write file gen_014.txt
  Write file gen_015.txt
  Write file gen_016.txt
 
CVT_BASIS
  Normal end of execution.
 
July 18 2003   3:45:45.254 PM
