July 17 2003  11:21:53.124 AM
 
CVT_BASIS
  Arrange a set of PDE solution data into clusters.
 
  Null cluster policy:
  0, do nothing, accept null clusters;
  1, reset center to a random data point;
  2, reset center to random point in hull;
 
  NULL_CLUSTER_POLICY =      1
 
RANDOM_INITIALIZE
  Initialize RANDOM_NUMBER with user SEED =     12345678
 
What is the run type?
 
  RUN_TYPE =      6
 
  For RUN_TYPE = 6,
  read in the steady state solution from "STEADY.TXT"
  and, letting SS be the steady state solution,
  subtract 5/3 SS from solutions 1 through 250
  subtract 1/3 SS from solutions 251 through 500.
  We do NOT normalize the result.
 
What is the name of the XY data file?
 
  The file "/a/fs/r1/src-samples/datasets/inout_flow/xy.txt" contains 1681 lines.
 
  X minimum :    0.00000    
  X maximum :    1.00000    
  Y minimum :    0.00000    
  Y maximum :    1.00000    
 
What is the name of the steady state file?
 
  Steady state information was read from
  the file "/a/fs/r1/src-samples/datasets/inout_flow/steady.txt".
 
  Steady max norm =   0.300000    
  Steady l2 norm =     3.38866    
 
What is the name of the first solution file?
 
We believe the number of solution files is    500
 
  The data is stored in an M by N matrix.
 
  The "spatial" dimension M is     3362
  The number of data points N is    500
 
All the data has been read into POINT.
 
Enter lower and upper number of clusters
 
  The program will try to determine the minimum energy
  of a clustering, for cluster sizes in the range:
      16    16
 
Enter the number of different random cluster configurations to check
 
  For each number of clusters, the number of
  distinct initial random configurations to be checked
  will be      15
 
Enter the number of energy iterations
 
  For each initial random configuration, the number of
  times the program will recompute the cluster centers,
  cluster components, and energy is     30
 
Enter element file for mass matrix preconditioning or "None".
 
  Number of elements =    800
  Number of nodes per element =      6
 
  The bandwidth of the matrix is     85
 
  Compute the mass matrix.
 
  Cholesky-factor the mass matrix.
 
Enter 0 to use raw data, 1 to use normalized data.
 
NORMAL = 0
  Data will NOT be normalized.
 
Number of clusters allowed:     16
 
     1
Initial_RAW    0.330196         0
HMEANS_RAW     0.740422E-02    19
KMEANS_RAW     0.621406E-02    13
 
     2
Initial_RAW    0.325827         0
HMEANS_RAW     0.111271E-01    31
KMEANS_RAW     0.101430E-01    30
 
     3
Initial_RAW    0.329077         0
HMEANS_RAW     0.726050E-02    31
KMEANS_RAW     0.623144E-02    14
 
     4
Initial_RAW    0.332649         0
HMEANS_RAW     0.110392E-01    31
KMEANS_RAW     0.101045E-01    28
 
     5
Initial_RAW    0.335766         0
HMEANS_RAW     0.807857E-02    31
KMEANS_RAW     0.668226E-02    15
 
     6
Initial_RAW    0.327195         0
HMEANS_RAW     0.750868E-02    31
KMEANS_RAW     0.623144E-02    15
 
     7
Initial_RAW    0.325973         0
HMEANS_RAW     0.758594E-02    31
KMEANS_RAW     0.623086E-02    19
 
     8
Initial_RAW    0.331159         0
HMEANS_RAW     0.789730E-02    31
KMEANS_RAW     0.670640E-02    30
 
     9
Initial_RAW    0.326385         0
HMEANS_RAW     0.796793E-02    31
KMEANS_RAW     0.670640E-02    26
 
    10
Initial_RAW    0.327835         0
HMEANS_RAW     0.805168E-02    31
KMEANS_RAW     0.623144E-02    23
 
    11
Initial_RAW    0.332225         0
HMEANS_RAW     0.142790E-01    31
KMEANS_RAW     0.114743E-01    30
 
    12
Initial_RAW    0.326555         0
HMEANS_RAW     0.745576E-02    31
KMEANS_RAW     0.621406E-02    14
 
    13
Initial_RAW    0.326904         0
HMEANS_RAW     0.741406E-02    31
KMEANS_RAW     0.621406E-02    13
 
    14
Initial_RAW    0.334609         0
HMEANS_RAW     0.892196E-02    31
KMEANS_RAW     0.790768E-02    18
 
    15
Initial_RAW    0.323789         0
HMEANS_RAW     0.764631E-02    31
KMEANS_RAW     0.670640E-02    24
 
ANALYSIS_RAW:
  Computed energy range for given cluster size:
 
  (The minimum and maximum should be close if
  we're taking enough iterations.)
 
  Number
  of       Minimum      Maximum
  Clusters Energy       Energy
 
     16        0.0062        0.0115
 
  Energy table:
 
Number
of                   Energy
Clusters  Energy     /point      Sqrt(E/Pt)
 
     16        0.0062        0.0000        0.0035
 
CLUSTER_CENSUS
  Individual cluster population and energy
 
  Index    Population   Percentage   Energy  Percentage  Min  Max
 
      1            22            4  0.450222          4  297  318
      2           109           21  0.382338          3  392  500
      3            12            2  0.559967          5   38   49
      4             6            1  0.788791          7  251  256
      5            10            2  0.628508          6  257  266
      6            21            4  0.513735          5   65   85
      7           165           33  0.686408          6   86  250
      8             7            1   1.32718         13    1    7
      9            15            3  0.608187          5   50   64
     10             9            1  0.910302          9    8   16
     11            44            8  0.387641          3  348  391
     12            17            3  0.472781          4  280  296
     13            29            5  0.408611          3  319  347
     14            11            2  0.655455          6   27   37
     15            10            2  0.738337          7   17   26
     16            13            2  0.495180          4  267  279
 
               ------          ---  ------------    ---
 
  Total           500          100   10.0136        100    1  500
 
CVT_BASIS:
  Writing cluster generators to individual files.
 
  Write file gen_001.txt
  Write file gen_002.txt
  Write file gen_003.txt
  Write file gen_004.txt
  Write file gen_005.txt
  Write file gen_006.txt
  Write file gen_007.txt
  Write file gen_008.txt
  Write file gen_009.txt
  Write file gen_010.txt
  Write file gen_011.txt
  Write file gen_012.txt
  Write file gen_013.txt
  Write file gen_014.txt
  Write file gen_015.txt
  Write file gen_016.txt
 
CVT_BASIS
  Normal end of execution.
 
July 17 2003  11:25:34.796 AM
