January 29 2004   7:27:39.775 AM
 
CVT_BASIS
  Arrange a set of PDE solution data into clusters.
 
  Null cluster policy:
  0, do nothing, accept null clusters;
  1, reset center to a random data point;
  2, reset center to random point in hull;
 
  NULL_CLUSTER_POLICY =      1
 
RANDOM_INITIALIZE
  Initialize RANDOM_NUMBER with user SEED =     12345678
 
What is the run type?
 
  RUN_TYPE =      7
 
  For RUN_TYPE = 7,
  read in the steady state solution from "STEADY.TXT"
  and, letting SS be the steady state solution,
  subtract 5/3 SS from solutions 1 through 250
  subtract 1/3 SS from solutions 251 through 500.
  We NORMALIZE the result.
 
What is the name of the XY data file?
 
  The file "/a/fs/r1/src-samples/datasets/tcell_flow/xy.txt" contains 4961 lines.
 
  X minimum :    0.00000    
  X maximum :    1.00000    
  Y minimum :    0.00000    
  Y maximum :    1.00000    
 
What is the name of the steady state file?
 
  Steady state information was read from
  the file "/a/fs/r1/src-samples/datasets/tcell_flow/steady.txt".
 
  Steady max norm =    3.00284    
  Steady l2 norm =     121.425    
 
What is the name of the first solution file?
 
We believe the number of solution files is    500
 
  The data is stored in an M by N matrix.
 
  The "spatial" dimension M is     9922
  The number of data points N is    500
 
All the data has been read into POINT.
 
Enter lower and upper number of clusters
 
  The program will try to determine the minimum energy
  of a clustering, for cluster sizes in the range:
       5     5
 
Enter the number of different random cluster configurations to check
 
  For each number of clusters, the number of
  distinct initial random configurations to be checked
  will be      15
 
Enter the number of energy iterations
 
  For each initial random configuration, the number of
  times the program will recompute the cluster centers,
  cluster components, and energy is     30
 
Enter element file for mass matrix preconditioning or "None".
 
  Number of elements =   2400
  Number of nodes per element =      6
 
  The bandwidth of the matrix is    165
 
  Compute the mass matrix.
 
  Cholesky-factor the mass matrix.
 
Enter 0 to use raw data, 1 to use normalized data.
 
NORMAL = 0
  Data will NOT be normalized.
 
Number of clusters allowed:      5
 
     1
Initial_RAW    0.706048E-01     0
HMEANS_RAW     0.681715E-02    20
KMEANS_RAW     0.681546E-02     3
 
     2
Initial_RAW    0.730269E-01     0
HMEANS_RAW     0.681715E-02    17
KMEANS_RAW     0.681546E-02     3
 
     3
Initial_RAW    0.692436E-01     0
HMEANS_RAW     0.659016E-02    16
KMEANS_RAW     0.658970E-02     2
 
     4
Initial_RAW    0.718288E-01     0
HMEANS_RAW     0.681715E-02    21
KMEANS_RAW     0.681546E-02     3
 
     5
Initial_RAW    0.696012E-01     0
HMEANS_RAW     0.659016E-02     9
KMEANS_RAW     0.658970E-02     2
 
     6
Initial_RAW    0.724008E-01     0
HMEANS_RAW     0.659008E-02     8
KMEANS_RAW     0.658970E-02     2
 
     7
Initial_RAW    0.724259E-01     0
HMEANS_RAW     0.658987E-02     6
KMEANS_RAW     0.658970E-02     2
 
     8
Initial_RAW    0.707708E-01     0
HMEANS_RAW     0.659071E-02    15
KMEANS_RAW     0.658970E-02     3
 
     9
Initial_RAW    0.714792E-01     0
HMEANS_RAW     0.681715E-02    16
KMEANS_RAW     0.681546E-02     3
 
    10
Initial_RAW    0.716615E-01     0
HMEANS_RAW     0.178522E-01    10
KMEANS_RAW     0.178511E-01     3
 
    11
Initial_RAW    0.719443E-01     0
HMEANS_RAW     0.681715E-02    11
KMEANS_RAW     0.681546E-02     3
 
    12
Initial_RAW    0.714706E-01     0
HMEANS_RAW     0.659008E-02    13
KMEANS_RAW     0.658970E-02     2
 
    13
Initial_RAW    0.710301E-01     0
HMEANS_RAW     0.681785E-02    17
KMEANS_RAW     0.681546E-02     3
 
    14
Initial_RAW    0.731578E-01     0
HMEANS_RAW     0.659008E-02    12
KMEANS_RAW     0.658970E-02     2
 
    15
Initial_RAW    0.725237E-01     0
HMEANS_RAW     0.681715E-02    20
KMEANS_RAW     0.681546E-02     3
 
ANALYSIS_RAW:
  Computed energy range for given cluster size:
 
  (The minimum and maximum should be close if
  we're taking enough iterations.)
 
  Number
  of       Minimum      Maximum
  Clusters Energy       Energy
 
      5        0.0066        0.0179
 
  Energy table:
 
Number
of                   Energy
Clusters  Energy     /point      Sqrt(E/Pt)
 
      5        0.0066        0.0000        0.0036
 
CLUSTER_CENSUS
  Individual cluster population and energy
 
  Index    Population   Percentage   Energy  Percentage  Min  Max
 
      1           129           25   9.23760         21  122  250
      2            77           15   4.89879         11  424  500
      3            60           12   4.22632          9  251  310
      4           121           24   18.0076         42    1  121
      5           113           22   5.98823         14  311  423
 
               ------          ---  ------------    ---
 
  Total           500          100   42.3585        100    1  500
 
CVT_BASIS:
  Writing cluster generators to individual files.
 
  Write file gen_001.txt
  Write file gen_002.txt
  Write file gen_003.txt
  Write file gen_004.txt
  Write file gen_005.txt
 
CVT_BASIS
  Normal end of execution.
 
January 29 2004   7:31:01.932 AM
