February  5 2004   1:47:49.619 PM
 
CVT_BASIS
  Arrange a set of PDE solution data into clusters.
 
  Null cluster policy:
  0, do nothing, accept null clusters;
  1, reset center to a random data point;
  2, reset center to random point in hull;
 
  NULL_CLUSTER_POLICY =      1
 
RANDOM_INITIALIZE
  Initialize RANDOM_NUMBER with user SEED =     12345678
 
What is the run type?
 
  RUN_TYPE =      6
 
  For RUN_TYPE = 6,
  read in the steady state solution from "STEADY.TXT"
  and, letting SS be the steady state solution,
  subtract 5/3 SS from solutions 1 through 250
  subtract 1/3 SS from solutions 251 through 500.
  We do NOT normalize the result.
 
What is the name of the XY data file?
 
  The file "/a/fs/r1/src-samples/datasets/tcell_flow/xy.txt" contains 4961 lines.
 
  X minimum :    0.00000    
  X maximum :    1.00000    
  Y minimum :    0.00000    
  Y maximum :    1.00000    
 
What is the name of the steady state file?
 
  Steady state information was read from
  the file "/a/fs/r1/src-samples/datasets/tcell_flow/steady.txt".
 
  Steady max norm =    3.00284    
  Steady l2 norm =     121.425    
 
What is the name of the first solution file?
 
We believe the number of solution files is    500
 
  The data is stored in an M by N matrix.
 
  The "spatial" dimension M is     9922
  The number of data points N is    500
 
All the data has been read into POINT.
 
Enter lower and upper number of clusters
 
  The program will try to determine the minimum energy
  of a clustering, for cluster sizes in the range:
      17    17
 
Enter the number of different random cluster configurations to check
 
  For each number of clusters, the number of
  distinct initial random configurations to be checked
  will be      15
 
Enter the number of energy iterations
 
  For each initial random configuration, the number of
  times the program will recompute the cluster centers,
  cluster components, and energy is     30
 
Enter element file for mass matrix preconditioning or "None".
 
  Number of elements =   2400
  Number of nodes per element =      6
 
  The bandwidth of the matrix is    165
 
  Compute the mass matrix.
 
  Cholesky-factor the mass matrix.
 
Enter 0 to use raw data, 1 to use normalized data.
 
NORMAL = 0
  Data will NOT be normalized.
 
Number of clusters allowed:     17
 
     1
Initial_RAW     7.68192         0
HMEANS_RAW     0.164524        31
KMEANS_RAW     0.117031        27
 
     2
Initial_RAW     7.77017         0
HMEANS_RAW     0.181740        31
KMEANS_RAW     0.126723        24
 
     3
Initial_RAW     7.71504         0
HMEANS_RAW     0.250984        31
KMEANS_RAW     0.199660        30
 
     4
Initial_RAW     7.73952         0
HMEANS_RAW     0.188365        31
KMEANS_RAW     0.116963        27
 
     5
Initial_RAW     7.70087         0
HMEANS_RAW     0.193261        31
KMEANS_RAW     0.116963        27
 
     6
Initial_RAW     7.64224         0
HMEANS_RAW     0.185106        31
KMEANS_RAW     0.116963        27
 
     7
Initial_RAW     7.73924         0
HMEANS_RAW     0.193792        31
KMEANS_RAW     0.116963        29
 
     8
Initial_RAW     7.57309         0
HMEANS_RAW     0.182564        31
KMEANS_RAW     0.126420        24
 
     9
Initial_RAW     7.66336         0
HMEANS_RAW     0.188387        31
KMEANS_RAW     0.126723        28
 
    10
Initial_RAW     7.70738         0
HMEANS_RAW     0.183641        31
KMEANS_RAW     0.116963        25
 
    11
Initial_RAW     7.71877         0
HMEANS_RAW     0.195499        31
KMEANS_RAW     0.116963        28
 
    12
Initial_RAW     7.73408         0
HMEANS_RAW     0.200717        31
KMEANS_RAW     0.126452        30
 
    13
Initial_RAW     7.73799         0
HMEANS_RAW     0.174001        31
KMEANS_RAW     0.116963        23
 
    14
Initial_RAW     7.65979         0
HMEANS_RAW     0.169463        31
KMEANS_RAW     0.116963        20
 
    15
Initial_RAW     7.81545         0
HMEANS_RAW     0.180681        31
KMEANS_RAW     0.117031        25
 
ANALYSIS_RAW:
  Computed energy range for given cluster size:
 
  (The minimum and maximum should be close if
  we're taking enough iterations.)
 
  Number
  of       Minimum      Maximum
  Clusters Energy       Energy
 
     17        0.1170        0.1997
 
  Energy table:
 
Number
of                   Energy
Clusters  Energy     /point      Sqrt(E/Pt)
 
     17        0.1170        0.0002        0.0153
 
CLUSTER_CENSUS
  Individual cluster population and energy
 
  Index    Population   Percentage   Energy  Percentage  Min  Max
 
      1             4            0   44.2586          5    4    7
      2             3            0   96.6126         12    1    3
      3           155           31   24.9841          3   96  250
      4            19            3   25.2497          3   41   59
      5            12            2   35.0142          4  275  286
      6             5            1   77.3267         10  254  258
      7            12            2   23.6806          3   29   40
      8            36            7   33.6725          4  306  341
      9             7            1   34.6482          4   13   19
     10             7            1   62.1549          8  259  265
     11            19            3   34.9445          4  287  305
     12             3            0   96.3630         12  251  253
     13             5            1   30.9744          4    8   12
     14            36            7   26.2730          3   60   95
     15             9            1   45.2470          6  266  274
     16           159           31   30.4811          4  342  500
     17             9            1   28.6361          3   20   28
 
               ------          ---  ------------    ---
 
  Total           500          100   750.521        100    1  500
 
CVT_BASIS:
  Writing cluster generators to individual files.
 
  Write file gen_001.txt
  Write file gen_002.txt
  Write file gen_003.txt
  Write file gen_004.txt
  Write file gen_005.txt
  Write file gen_006.txt
  Write file gen_007.txt
  Write file gen_008.txt
  Write file gen_009.txt
  Write file gen_010.txt
  Write file gen_011.txt
  Write file gen_012.txt
  Write file gen_013.txt
  Write file gen_014.txt
  Write file gen_015.txt
  Write file gen_016.txt
  Write file gen_017.txt
 
CVT_BASIS
  Normal end of execution.
 
February  5 2004   2:00:43.876 PM
