June 22 2002  12:52:39.641 PM
 
CVT_BASIS
  Arrange a set of PDE solution data into clusters.
 
  Null cluster policy:
  0, do nothing, accept null clusters;
  1, reset center to a random data point;
  2, reset center to random point in hull;
 
  NULL_CLUSTER_POLICY =      0
 
RANDOM_INITIALIZE
  Initialize RANDOM_NUMBER with user SEED =     12345678
 
What is the run type?
 
  RUN_TYPE =      6
 
  For RUN_TYPE = 6,
  read in the steady state solution from "STEADY.TXT"
  and, letting SS be the steady state solution,
  subtract 5/3 SS from solutions 1 through 250
  subtract 1/3 SS from solutions 251 through 500.
  We do NOT normalize the result.
 
What is the name of the XY data file?
 
  The file "/math/WWW/f_src/cvt_basis_cavity/xy.txt" contains 1681 lines.
 
  X minimum :    0.00000    
  X maximum :    1.00000    
  Y minimum :    0.00000    
  Y maximum :    1.00000    
 
What is the name of the steady state file?
 
  Steady state information was read from
  the file "/math/WWW/f_src/cvt_basis_cavity/steady.txt".
 
  Steady max norm =    3.00000    
  Steady l2 norm =     33.7950    
 
What is the name of the first solution file?
 
We believe the number of solution files is    500
 
  The data is stored in an M by N matrix.
 
  The "spatial" dimension M is     3362
  The number of data points N is    500
 
All the data has been read into POINT.
 
Enter lower and upper number of clusters
 
  The program will try to determine the minimum energy
  of a clustering, for cluster sizes in the range:
       4     4
 
Enter the number of different random cluster configurations to check
 
  For each number of clusters, the number of
  distinct initial random configurations to be checked
  will be      15
 
Enter the number of energy iterations
 
  For each initial random configuration, the number of
  times the program will recompute the cluster centers,
  cluster components, and energy is     30
 
Enter 0 to use raw data, 1 to use normalized data.
 
NORMAL = 0
  Data will NOT be normalized.
 
Number of clusters allowed:      4
 
     1
Initial_RAW     24968.0         0
HMEANS_RAW      5774.84         9
KMEANS_RAW      5773.92         2
 
     2
Initial_RAW     24939.0         0
HMEANS_RAW      5774.84         9
KMEANS_RAW      5773.92         2
 
     3
Initial_RAW     25053.9         0
HMEANS_RAW      11110.7        19
KMEANS_RAW      11107.9         2
 
     4
Initial_RAW     25056.6         0
HMEANS_RAW      11110.7        20
KMEANS_RAW      11107.9         2
 
     5
Initial_RAW     24770.9         0
HMEANS_RAW      5774.84         8
KMEANS_RAW      5773.92         2
 
     6
Initial_RAW     24876.6         0
HMEANS_RAW      11110.7        18
KMEANS_RAW      11107.9         2
 
     7
Initial_RAW     24662.9         0
HMEANS_RAW      5774.84         9
KMEANS_RAW      5773.92         2
 
     8
Initial_RAW     24799.8         0
HMEANS_RAW      5774.84         9
KMEANS_RAW      5773.92         2
 
     9
Initial_RAW     25428.0         0
HMEANS_RAW      11110.7        18
KMEANS_RAW      11107.9         2
 
    10
Initial_RAW     24857.6         0
HMEANS_RAW      5774.84         8
KMEANS_RAW      5773.92         2
 
    11
Initial_RAW     25030.6         0
HMEANS_RAW      5774.84         8
KMEANS_RAW      5773.92         2
 
    12
Initial_RAW     25173.0         0
HMEANS_RAW      5774.84         8
KMEANS_RAW      5773.92         2
 
    13
Initial_RAW     24871.9         0
HMEANS_RAW      5774.84         9
KMEANS_RAW      5773.92         2
 
    14
Initial_RAW     25081.1         0
HMEANS_RAW      5774.84        11
KMEANS_RAW      5773.92         2
 
    15
Initial_RAW     25172.1         0
HMEANS_RAW      5774.84         8
KMEANS_RAW      5773.92         2
 
ANALYSIS_RAW:
  Computed energy range for given cluster size:
 
  (The minimum and maximum should be close if
  we're taking enough iterations.)
 
  Cluster  Minimum      Maximum
  Size     Energy       Energy
 
        4     5773.9232    11107.8710
 
  Energy table:
 
Cluster              Energy
Size      Energy     /point      Sqrt(E/Pt)
 
        4     5773.9232       11.5478        3.3982
 
CLUSTER_CENSUS
  Individual cluster population and energy
 
  Index    Population   Percentage   Energy  Percentage  Min  Max
 
      1           218           43   1303.20         22   33  250
      2            30            6   1586.43         27  251  280
      3           220           44   1106.91         19  281  500
      4            32            6   1777.38         30    1   32
 
               ------          ---  ------------    ---
 
  Total           500          100   5773.92        100    1  500
 
CVT_BASIS:
  Writing cluster generators to individual files.
 
  Write file gen_001.txt
  Write file gen_002.txt
  Write file gen_003.txt
  Write file gen_004.txt
 
CVT_BASIS
  Normal end of execution.
 
June 22 2002  12:57:15.376 PM
