July 18 2003   3:29:34.602 PM
 
CVT_BASIS
  Arrange a set of PDE solution data into clusters.
 
  Null cluster policy:
  0, do nothing, accept null clusters;
  1, reset center to a random data point;
  2, reset center to random point in hull;
 
  NULL_CLUSTER_POLICY =      1
 
RANDOM_INITIALIZE
  Initialize RANDOM_NUMBER with user SEED =     12345678
 
What is the run type?
 
  RUN_TYPE =      8
 
  For RUN_TYPE = 8,
  read in the steady state solution from "STEADY.TXT"
  and, letting SS be the steady state solution,
  subtract 5/3 SS from solutions 1 through 250
  subtract 1/3 SS from solutions 251 through 500.
  We DROP the odd numbered solutions.
  We do NOT normalize the result.
 
What is the name of the XY data file?
 
  The file "/a/fs/r1/src-samples/datasets/cavity_flow/xy.txt" contains 1681 lines.
 
  X minimum :    0.00000    
  X maximum :    1.00000    
  Y minimum :    0.00000    
  Y maximum :    1.00000    
 
What is the name of the steady state file?
 
  Steady state information was read from
  the file "/a/fs/r1/src-samples/datasets/cavity_flow/steady.txt".
 
  Steady max norm =    3.00000    
  Steady l2 norm =     33.7950    
 
What is the name of the first solution file?
 
We believe the number of solution files is    500
 
  The data is stored in an M by N matrix.
 
  The "spatial" dimension M is     3362
  The number of data points N is    500
 
All the data has been read into POINT.
 
  RUN_TYPE = 8:
  Thin out the input data points.
 
  Thinning increment is            2
  Original input data size is    500
  Thinned data size is           250
 
Enter lower and upper number of clusters
 
  The program will try to determine the minimum energy
  of a clustering, for cluster sizes in the range:
      16    16
 
Enter the number of different random cluster configurations to check
 
  For each number of clusters, the number of
  distinct initial random configurations to be checked
  will be      15
 
Enter the number of energy iterations
 
  For each initial random configuration, the number of
  times the program will recompute the cluster centers,
  cluster components, and energy is     30
 
Enter element file for mass matrix preconditioning or "None".
 
  Number of elements =    800
  Number of nodes per element =      6
 
  The bandwidth of the matrix is     85
 
  Compute the mass matrix.
 
  Cholesky-factor the mass matrix.
 
Enter 0 to use raw data, 1 to use normalized data.
 
NORMAL = 0
  Data will NOT be normalized.
 
Number of clusters allowed:     16
 
     1
Initial_RAW     7.17860         0
HMEANS_RAW     0.245564        25
KMEANS_RAW     0.178220        22
 
     2
Initial_RAW     7.17734         0
HMEANS_RAW     0.189458        31
KMEANS_RAW     0.133787        12
 
     3
Initial_RAW     7.12941         0
HMEANS_RAW     0.186770        31
KMEANS_RAW     0.113876        13
 
     4
Initial_RAW     7.27762         0
HMEANS_RAW     0.186965        31
KMEANS_RAW     0.113876        12
 
     5
Initial_RAW     7.21745         0
HMEANS_RAW     0.179407        31
KMEANS_RAW     0.113876        11
 
     6
Initial_RAW     7.20762         0
HMEANS_RAW     0.187904        31
KMEANS_RAW     0.113876        14
 
     7
Initial_RAW     7.21525         0
HMEANS_RAW     0.186235        23
KMEANS_RAW     0.133787         6
 
     8
Initial_RAW     7.08889         0
HMEANS_RAW     0.181332        31
KMEANS_RAW     0.118131        11
 
     9
Initial_RAW     7.07347         0
HMEANS_RAW     0.189458        31
KMEANS_RAW     0.133787        12
 
    10
Initial_RAW     7.24133         0
HMEANS_RAW     0.180432        31
KMEANS_RAW     0.118131        11
 
    11
Initial_RAW     7.22620         0
HMEANS_RAW     0.191626        31
KMEANS_RAW     0.118131        16
 
    12
Initial_RAW     7.30590         0
HMEANS_RAW     0.186559        31
KMEANS_RAW     0.113876        14
 
    13
Initial_RAW     7.29074         0
HMEANS_RAW     0.157012        31
KMEANS_RAW     0.118131        11
 
    14
Initial_RAW     7.21889         0
HMEANS_RAW     0.247115        31
KMEANS_RAW     0.178220        29
 
    15
Initial_RAW     7.29157         0
HMEANS_RAW     0.188590        31
KMEANS_RAW     0.118131        12
 
ANALYSIS_RAW:
  Computed energy range for given cluster size:
 
  (The minimum and maximum should be close if
  we're taking enough iterations.)
 
  Number
  of       Minimum      Maximum
  Clusters Energy       Energy
 
     16        0.1139        0.1782
 
  Energy table:
 
Number
of                   Energy
Clusters  Energy     /point      Sqrt(E/Pt)
 
     16        0.1139        0.0005        0.0213
 
CLUSTER_CENSUS
  Individual cluster population and energy
 
  Index    Population   Percentage   Energy  Percentage  Min  Max
 
      1            70           28   5.56928          3  181  250
      2             8            3   7.88425          4   18   25
      3            11            4   5.41300          2  151  161
      4            68           27   6.61526          3   58  125
      5            20            8   7.91409          4   38   57
      6             2            0   17.0055          9    1    2
      7             6            2   8.02353          4  137  142
      8            19            7   5.46563          2  162  180
      9             6            2   8.80131          4   12   17
     10             5            2   13.0731          7  132  136
     11             2            0   16.5090          9  126  127
     12            12            4   8.54718          4   26   37
     13             4            1   24.6994         13  128  131
     14             4            1   25.7855         14    3    6
     15             5            2   13.8903          7    7   11
     16             8            3   6.80935          3  143  150
 
               ------          ---  ------------    ---
 
  Total           250          100   182.006        100    1  250
 
CVT_BASIS:
  Writing cluster generators to individual files.
 
  Write file gen_001.txt
  Write file gen_002.txt
  Write file gen_003.txt
  Write file gen_004.txt
  Write file gen_005.txt
  Write file gen_006.txt
  Write file gen_007.txt
  Write file gen_008.txt
  Write file gen_009.txt
  Write file gen_010.txt
  Write file gen_011.txt
  Write file gen_012.txt
  Write file gen_013.txt
  Write file gen_014.txt
  Write file gen_015.txt
  Write file gen_016.txt
 
CVT_BASIS
  Normal end of execution.
 
July 18 2003   3:31:17.349 PM
