July 15 2003   2:14:51.585 PM
 
CVT_BASIS
  Arrange a set of PDE solution data into clusters.
 
  Null cluster policy:
  0, do nothing, accept null clusters;
  1, reset center to a random data point;
  2, reset center to random point in hull;
 
  NULL_CLUSTER_POLICY =      1
 
RANDOM_INITIALIZE
  Initialize RANDOM_NUMBER with user SEED =     12345678
 
What is the run type?
 
  RUN_TYPE =      7
 
  For RUN_TYPE = 7,
  read in the steady state solution from "STEADY.TXT"
  and, letting SS be the steady state solution,
  subtract 5/3 SS from solutions 1 through 250
  subtract 1/3 SS from solutions 251 through 500.
  We NORMALIZE the result.
 
What is the name of the XY data file?
 
  The file "/a/fs/r1/src-samples/datasets/tcell_flow/xy.txt" contains 4961 lines.
 
  X minimum :    0.00000    
  X maximum :    1.00000    
  Y minimum :    0.00000    
  Y maximum :    1.00000    
 
What is the name of the steady state file?
 
  Steady state information was read from
  the file "/a/fs/r1/src-samples/datasets/tcell_flow/steady.txt".
 
  Steady max norm =    3.00284    
  Steady l2 norm =     121.425    
 
What is the name of the first solution file?
 
We believe the number of solution files is    500
 
  The data is stored in an M by N matrix.
 
  The "spatial" dimension M is     9922
  The number of data points N is    500
 
All the data has been read into POINT.
 
Enter lower and upper number of clusters
 
  The program will try to determine the minimum energy
  of a clustering, for cluster sizes in the range:
       8     8
 
Enter the number of different random cluster configurations to check
 
  For each number of clusters, the number of
  distinct initial random configurations to be checked
  will be      15
 
Enter the number of energy iterations
 
  For each initial random configuration, the number of
  times the program will recompute the cluster centers,
  cluster components, and energy is     30
 
Enter element file for mass matrix preconditioning or "None".
 
  Number of elements =   2400
  Number of nodes per element =      6
 
  The bandwidth of the matrix is    165
 
  Compute the mass matrix.
 
  Cholesky-factor the mass matrix.
 
Enter 0 to use raw data, 1 to use normalized data.
 
NORMAL = 0
  Data will NOT be normalized.
 
Number of clusters allowed:      8
 
     1
Initial_RAW    0.705722E-01     0
HMEANS_RAW     0.326283E-02    21
KMEANS_RAW     0.325762E-02     6
 
     2
Initial_RAW    0.690240E-01     0
HMEANS_RAW     0.271545E-02    24
KMEANS_RAW     0.270980E-02     3
 
     3
Initial_RAW    0.694145E-01     0
HMEANS_RAW     0.271426E-02    15
KMEANS_RAW     0.270947E-02     3
 
     4
Initial_RAW    0.719840E-01     0
HMEANS_RAW     0.326461E-02    20
KMEANS_RAW     0.325762E-02     9
 
     5
Initial_RAW    0.711998E-01     0
HMEANS_RAW     0.326038E-02    16
KMEANS_RAW     0.325762E-02     4
 
     6
Initial_RAW    0.713681E-01     0
HMEANS_RAW     0.271409E-02    16
KMEANS_RAW     0.270924E-02     4
 
     7
Initial_RAW    0.701534E-01     0
HMEANS_RAW     0.324046E-02    26
KMEANS_RAW     0.323661E-02     5
 
     8
Initial_RAW    0.715509E-01     0
HMEANS_RAW     0.491423E-02    31
KMEANS_RAW     0.490760E-02     7
 
     9
Initial_RAW    0.714190E-01     0
HMEANS_RAW     0.271545E-02    13
KMEANS_RAW     0.270980E-02     3
 
    10
Initial_RAW    0.714902E-01     0
HMEANS_RAW     0.491500E-02    29
KMEANS_RAW     0.490688E-02     8
 
    11
Initial_RAW    0.711226E-01     0
HMEANS_RAW     0.271545E-02    20
KMEANS_RAW     0.270980E-02     3
 
    12
Initial_RAW    0.705132E-01     0
HMEANS_RAW     0.324024E-02    27
KMEANS_RAW     0.323661E-02     5
 
    13
Initial_RAW    0.710041E-01     0
HMEANS_RAW     0.326500E-02    31
KMEANS_RAW     0.325734E-02    10
 
    14
Initial_RAW    0.689187E-01     0
HMEANS_RAW     0.514792E-02    31
KMEANS_RAW     0.513176E-02    11
 
    15
Initial_RAW    0.696854E-01     0
HMEANS_RAW     0.271545E-02    11
KMEANS_RAW     0.270980E-02     3
 
ANALYSIS_RAW:
  Computed energy range for given cluster size:
 
  (The minimum and maximum should be close if
  we're taking enough iterations.)
 
  Number
  of       Minimum      Maximum
  Clusters Energy       Energy
 
      8        0.0027        0.0051
 
  Energy table:
 
Number
of                   Energy
Clusters  Energy     /point      Sqrt(E/Pt)
 
      8        0.0027        0.0000        0.0023
 
CLUSTER_CENSUS
  Individual cluster population and energy
 
  Index    Population   Percentage   Energy  Percentage  Min  Max
 
      1           100           20   1.93918         11  151  250
      2            42            8   2.30629         13    1   42
      3            92           18   2.56577         14  297  388
      4            46            9   2.65096         15  251  296
      5            53           10   1.87148         10  389  441
      6            45            9   2.00279         11  106  150
      7            59           11   1.78825         10  442  500
      8            63           12   2.28234         13   43  105
 
               ------          ---  ------------    ---
 
  Total           500          100   17.4071        100    1  500
 
CVT_BASIS:
  Writing cluster generators to individual files.
 
  Write file gen_001.txt
  Write file gen_002.txt
  Write file gen_003.txt
  Write file gen_004.txt
  Write file gen_005.txt
  Write file gen_006.txt
  Write file gen_007.txt
  Write file gen_008.txt
 
CVT_BASIS
  Normal end of execution.
 
July 15 2003   2:20:20.374 PM
