July 17 2003  11:41:13.555 AM
 
CVT_BASIS
  Arrange a set of PDE solution data into clusters.
 
  Null cluster policy:
  0, do nothing, accept null clusters;
  1, reset center to a random data point;
  2, reset center to random point in hull;
 
  NULL_CLUSTER_POLICY =      1
 
RANDOM_INITIALIZE
  Initialize RANDOM_NUMBER with user SEED =     12345678
 
What is the run type?
 
  RUN_TYPE =      6
 
  For RUN_TYPE = 6,
  read in the steady state solution from "STEADY.TXT"
  and, letting SS be the steady state solution,
  subtract 5/3 SS from solutions 1 through 250
  subtract 1/3 SS from solutions 251 through 500.
  We do NOT normalize the result.
 
What is the name of the XY data file?
 
  The file "/a/fs/r1/src-samples/datasets/tcell_flow/xy.txt" contains 4961 lines.
 
  X minimum :    0.00000    
  X maximum :    1.00000    
  Y minimum :    0.00000    
  Y maximum :    1.00000    
 
What is the name of the steady state file?
 
  Steady state information was read from
  the file "/a/fs/r1/src-samples/datasets/tcell_flow/steady.txt".
 
  Steady max norm =    3.00284    
  Steady l2 norm =     121.425    
 
What is the name of the first solution file?
 
We believe the number of solution files is    500
 
  The data is stored in an M by N matrix.
 
  The "spatial" dimension M is     9922
  The number of data points N is    500
 
All the data has been read into POINT.
 
Enter lower and upper number of clusters
 
  The program will try to determine the minimum energy
  of a clustering, for cluster sizes in the range:
      16    16
 
Enter the number of different random cluster configurations to check
 
  For each number of clusters, the number of
  distinct initial random configurations to be checked
  will be      15
 
Enter the number of energy iterations
 
  For each initial random configuration, the number of
  times the program will recompute the cluster centers,
  cluster components, and energy is     30
 
Enter element file for mass matrix preconditioning or "None".
 
  Number of elements =   2400
  Number of nodes per element =      6
 
  The bandwidth of the matrix is    165
 
  Compute the mass matrix.
 
  Cholesky-factor the mass matrix.
 
Enter 0 to use raw data, 1 to use normalized data.
 
NORMAL = 0
  Data will NOT be normalized.
 
Number of clusters allowed:     16
 
     1
Initial_RAW     7.68192         0
HMEANS_RAW     0.184099        31
KMEANS_RAW     0.133282        22
 
     2
Initial_RAW     7.72586         0
HMEANS_RAW     0.212400        31
KMEANS_RAW     0.158075        29
 
     3
Initial_RAW     7.72437         0
HMEANS_RAW     0.196898        31
KMEANS_RAW     0.133282        27
 
     4
Initial_RAW     7.74858         0
HMEANS_RAW     0.212741        31
KMEANS_RAW     0.158075        29
 
     5
Initial_RAW     7.67435         0
HMEANS_RAW     0.193806        31
KMEANS_RAW     0.129774        19
 
     6
Initial_RAW     7.67638         0
HMEANS_RAW     0.190016        31
KMEANS_RAW     0.133061        25
 
     7
Initial_RAW     7.79574         0
HMEANS_RAW     0.194154        31
KMEANS_RAW     0.133061        26
 
     8
Initial_RAW     7.59145         0
HMEANS_RAW     0.197497        31
KMEANS_RAW     0.133061        27
 
     9
Initial_RAW     7.64651         0
HMEANS_RAW     0.190482        31
KMEANS_RAW     0.129774        18
 
    10
Initial_RAW     7.66475         0
HMEANS_RAW     0.200783        31
KMEANS_RAW     0.133061        28
 
    11
Initial_RAW     7.80054         0
HMEANS_RAW     0.192741        31
KMEANS_RAW     0.133282        25
 
    12
Initial_RAW     7.66993         0
HMEANS_RAW     0.203801        31
KMEANS_RAW     0.157593        27
 
    13
Initial_RAW     7.71072         0
HMEANS_RAW     0.196702        31
KMEANS_RAW     0.133061        26
 
    14
Initial_RAW     7.72371         0
HMEANS_RAW     0.194561        31
KMEANS_RAW     0.129774        19
 
    15
Initial_RAW     7.70838         0
HMEANS_RAW     0.204491        31
KMEANS_RAW     0.158075        25
 
ANALYSIS_RAW:
  Computed energy range for given cluster size:
 
  (The minimum and maximum should be close if
  we're taking enough iterations.)
 
  Number
  of       Minimum      Maximum
  Clusters Energy       Energy
 
     16        0.1298        0.1581
 
  Energy table:
 
Number
of                   Energy
Clusters  Energy     /point      Sqrt(E/Pt)
 
     16        0.1298        0.0003        0.0161
 
CLUSTER_CENSUS
  Individual cluster population and energy
 
  Index    Population   Percentage   Energy  Percentage  Min  Max
 
      1            19            3   35.0065          4   37   55
      2           159           31   31.7433          3   92  250
      3            36            7   34.1950          4   56   91
      4            12            2   34.9800          4   25   36
      5             9            1   45.2470          5  266  274
      6             5            1   77.3267          9  254  258
      7            19            3   34.9445          4  287  305
      8             5            1   77.6161          9    4    8
      9             7            1   62.3366          7    9   15
     10             3            0   96.6126         11    1    3
     11             9            1   45.2788          5   16   24
     12             7            1   62.1549          7  259  265
     13            12            2   35.0142          4  275  286
     14           159           31   30.4811          3  342  500
     15            36            7   33.6725          4  306  341
     16             3            0   96.3630         11  251  253
 
               ------          ---  ------------    ---
 
  Total           500          100   832.973        100    1  500
 
CVT_BASIS:
  Writing cluster generators to individual files.
 
  Write file gen_001.txt
  Write file gen_002.txt
  Write file gen_003.txt
  Write file gen_004.txt
  Write file gen_005.txt
  Write file gen_006.txt
  Write file gen_007.txt
  Write file gen_008.txt
  Write file gen_009.txt
  Write file gen_010.txt
  Write file gen_011.txt
  Write file gen_012.txt
  Write file gen_013.txt
  Write file gen_014.txt
  Write file gen_015.txt
  Write file gen_016.txt
 
CVT_BASIS
  Normal end of execution.
 
July 17 2003  11:53:45.374 AM
