July 15 2003   3:14:08.064 PM
 
CVT_BASIS
  Arrange a set of PDE solution data into clusters.
 
  Null cluster policy:
  0, do nothing, accept null clusters;
  1, reset center to a random data point;
  2, reset center to random point in hull;
 
  NULL_CLUSTER_POLICY =      1
 
RANDOM_INITIALIZE
  Initialize RANDOM_NUMBER with user SEED =     12345678
 
What is the run type?
 
  RUN_TYPE =      7
 
  For RUN_TYPE = 7,
  read in the steady state solution from "STEADY.TXT"
  and, letting SS be the steady state solution,
  subtract 5/3 SS from solutions 1 through 250
  subtract 1/3 SS from solutions 251 through 500.
  We NORMALIZE the result.
 
What is the name of the XY data file?
 
  The file "/a/fs/r1/src-samples/datasets/cavity_flow/xy.txt" contains 1681 lines.
 
  X minimum :    0.00000    
  X maximum :    1.00000    
  Y minimum :    0.00000    
  Y maximum :    1.00000    
 
What is the name of the steady state file?
 
  Steady state information was read from
  the file "/a/fs/r1/src-samples/datasets/cavity_flow/steady.txt".
 
  Steady max norm =    3.00000    
  Steady l2 norm =     33.7950    
 
What is the name of the first solution file?
 
We believe the number of solution files is    500
 
  The data is stored in an M by N matrix.
 
  The "spatial" dimension M is     3362
  The number of data points N is    500
 
All the data has been read into POINT.
 
Enter lower and upper number of clusters
 
  The program will try to determine the minimum energy
  of a clustering, for cluster sizes in the range:
      16    16
 
Enter the number of different random cluster configurations to check
 
  For each number of clusters, the number of
  distinct initial random configurations to be checked
  will be      15
 
Enter the number of energy iterations
 
  For each initial random configuration, the number of
  times the program will recompute the cluster centers,
  cluster components, and energy is     30
 
Enter element file for mass matrix preconditioning or "None".
 
  Number of elements =    800
  Number of nodes per element =      6
 
  The bandwidth of the matrix is     85
 
  Compute the mass matrix.
 
  Cholesky-factor the mass matrix.
 
Enter 0 to use raw data, 1 to use normalized data.
 
NORMAL = 0
  Data will NOT be normalized.
 
Number of clusters allowed:     16
 
     1
Initial_RAW    0.275439         0
HMEANS_RAW     0.240070E-02    18
KMEANS_RAW     0.235602E-02     7
 
     2
Initial_RAW    0.272670         0
HMEANS_RAW     0.257265E-02    31
KMEANS_RAW     0.235928E-02    21
 
     3
Initial_RAW    0.279032         0
HMEANS_RAW     0.269991E-02    31
KMEANS_RAW     0.235928E-02    29
 
     4
Initial_RAW    0.277894         0
HMEANS_RAW     0.262192E-02    31
KMEANS_RAW     0.235928E-02    25
 
     5
Initial_RAW    0.280056         0
HMEANS_RAW     0.236101E-02    31
KMEANS_RAW     0.209444E-02    18
 
     6
Initial_RAW    0.279044         0
HMEANS_RAW     0.242410E-02    13
KMEANS_RAW     0.235602E-02     6
 
     7
Initial_RAW    0.268276         0
HMEANS_RAW     0.223742E-02    31
KMEANS_RAW     0.209133E-02    13
 
     8
Initial_RAW    0.274275         0
HMEANS_RAW     0.548500E-02    31
KMEANS_RAW     0.477976E-02    30
 
     9
Initial_RAW    0.274314         0
HMEANS_RAW     0.231557E-02    31
KMEANS_RAW     0.212503E-02    15
 
    10
Initial_RAW    0.279837         0
HMEANS_RAW     0.249286E-02    31
KMEANS_RAW     0.212503E-02    18
 
    11
Initial_RAW    0.276884         0
HMEANS_RAW     0.233814E-02    26
KMEANS_RAW     0.224364E-02     9
 
    12
Initial_RAW    0.272418         0
HMEANS_RAW     0.243168E-02    31
KMEANS_RAW     0.235706E-02     7
 
    13
Initial_RAW    0.282307         0
HMEANS_RAW     0.261540E-02    31
KMEANS_RAW     0.235928E-02    19
 
    14
Initial_RAW    0.279332         0
HMEANS_RAW     0.264721E-02    31
KMEANS_RAW     0.209444E-02    29
 
    15
Initial_RAW    0.276205         0
HMEANS_RAW     0.224247E-02    31
KMEANS_RAW     0.209444E-02    12
 
ANALYSIS_RAW:
  Computed energy range for given cluster size:
 
  (The minimum and maximum should be close if
  we're taking enough iterations.)
 
  Number
  of       Minimum      Maximum
  Clusters Energy       Energy
 
     16        0.0021        0.0048
 
  Energy table:
 
Number
of                   Energy
Clusters  Energy     /point      Sqrt(E/Pt)
 
     16        0.0021        0.0000        0.0020
 
CLUSTER_CENSUS
  Individual cluster population and energy
 
  Index    Population   Percentage   Energy  Percentage  Min  Max
 
      1           111           22  0.130682          3  140  250
      2            10            2  0.243266          7  251  260
      3            36            7  0.139327          3  104  139
      4            24            4  0.247819          7  337  360
      5            28            5  0.228035          6  282  309
      6            17            3  0.236027          6   12   28
      7            17            3  0.178765          5   46   62
      8            81           16  0.213528          6  420  500
      9            11            2  0.299689          8    1   11
     10            27            5  0.236502          6  310  336
     11            17            3  0.200229          5   29   45
     12            18            3  0.153127          4   63   80
     13            34            6  0.216906          6  386  419
     14            25            5  0.236598          6  361  385
     15            23            4  0.151904          4   81  103
     16            21            4  0.230424          6  261  281
 
               ------          ---  ------------    ---
 
  Total           500          100   3.34283        100    1  500
 
CVT_BASIS:
  Writing cluster generators to individual files.
 
  Write file gen_001.txt
  Write file gen_002.txt
  Write file gen_003.txt
  Write file gen_004.txt
  Write file gen_005.txt
  Write file gen_006.txt
  Write file gen_007.txt
  Write file gen_008.txt
  Write file gen_009.txt
  Write file gen_010.txt
  Write file gen_011.txt
  Write file gen_012.txt
  Write file gen_013.txt
  Write file gen_014.txt
  Write file gen_015.txt
  Write file gen_016.txt
 
CVT_BASIS
  Normal end of execution.
 
July 15 2003   3:17:23.574 PM
