February  5 2004   2:35:17.028 PM
 
CVT_BASIS
  Arrange a set of PDE solution data into clusters.
 
  Null cluster policy:
  0, do nothing, accept null clusters;
  1, reset center to a random data point;
  2, reset center to random point in hull;
 
  NULL_CLUSTER_POLICY =      1
 
RANDOM_INITIALIZE
  Initialize RANDOM_NUMBER with user SEED =     12345678
 
What is the run type?
 
  RUN_TYPE =      6
 
  For RUN_TYPE = 6,
  read in the steady state solution from "STEADY.TXT"
  and, letting SS be the steady state solution,
  subtract 5/3 SS from solutions 1 through 250
  subtract 1/3 SS from solutions 251 through 500.
  We do NOT normalize the result.
 
What is the name of the XY data file?
 
  The file "/a/fs/r1/src-samples/datasets/tcell_flow/xy.txt" contains 4961 lines.
 
  X minimum :    0.00000    
  X maximum :    1.00000    
  Y minimum :    0.00000    
  Y maximum :    1.00000    
 
What is the name of the steady state file?
 
  Steady state information was read from
  the file "/a/fs/r1/src-samples/datasets/tcell_flow/steady.txt".
 
  Steady max norm =    3.00284    
  Steady l2 norm =     121.425    
 
What is the name of the first solution file?
 
We believe the number of solution files is    500
 
  The data is stored in an M by N matrix.
 
  The "spatial" dimension M is     9922
  The number of data points N is    500
 
All the data has been read into POINT.
 
Enter lower and upper number of clusters
 
  The program will try to determine the minimum energy
  of a clustering, for cluster sizes in the range:
      18    18
 
Enter the number of different random cluster configurations to check
 
  For each number of clusters, the number of
  distinct initial random configurations to be checked
  will be      15
 
Enter the number of energy iterations
 
  For each initial random configuration, the number of
  times the program will recompute the cluster centers,
  cluster components, and energy is     30
 
Enter element file for mass matrix preconditioning or "None".
 
  Number of elements =   2400
  Number of nodes per element =      6
 
  The bandwidth of the matrix is    165
 
  Compute the mass matrix.
 
  Cholesky-factor the mass matrix.
 
Enter 0 to use raw data, 1 to use normalized data.
 
NORMAL = 0
  Data will NOT be normalized.
 
Number of clusters allowed:     18
 
     1
Initial_RAW     7.68165         0
HMEANS_RAW     0.188609        31
KMEANS_RAW     0.122831        30
 
     2
Initial_RAW     7.80832         0
HMEANS_RAW     0.187004        31
KMEANS_RAW     0.110471        28
 
     3
Initial_RAW     7.69474         0
HMEANS_RAW     0.177662        31
KMEANS_RAW     0.104220        27
 
     4
Initial_RAW     7.77354         0
HMEANS_RAW     0.183425        31
KMEANS_RAW     0.104220        27
 
     5
Initial_RAW     7.65817         0
HMEANS_RAW     0.184607        31
KMEANS_RAW     0.122731        30
 
     6
Initial_RAW     7.69394         0
HMEANS_RAW     0.182622        31
KMEANS_RAW     0.104220        27
 
     7
Initial_RAW     7.57908         0
HMEANS_RAW     0.189834        31
KMEANS_RAW     0.110471        30
 
     8
Initial_RAW     7.55952         0
HMEANS_RAW     0.174510        31
KMEANS_RAW     0.104220        25
 
     9
Initial_RAW     7.70176         0
HMEANS_RAW     0.196342        31
KMEANS_RAW     0.122848        30
 
    10
Initial_RAW     7.77679         0
HMEANS_RAW     0.179771        31
KMEANS_RAW     0.110322        27
 
    11
Initial_RAW     7.73059         0
HMEANS_RAW     0.188793        31
KMEANS_RAW     0.110322        30
 
    12
Initial_RAW     7.77100         0
HMEANS_RAW     0.183142        31
KMEANS_RAW     0.110322        27
 
    13
Initial_RAW     7.69017         0
HMEANS_RAW     0.182814        31
KMEANS_RAW     0.110322        27
 
    14
Initial_RAW     7.70498         0
HMEANS_RAW     0.183224        31
KMEANS_RAW     0.110471        27
 
    15
Initial_RAW     7.66400         0
HMEANS_RAW     0.186810        31
KMEANS_RAW     0.110471        29
 
ANALYSIS_RAW:
  Computed energy range for given cluster size:
 
  (The minimum and maximum should be close if
  we're taking enough iterations.)
 
  Number
  of       Minimum      Maximum
  Clusters Energy       Energy
 
     18        0.1042        0.1228
 
  Energy table:
 
Number
of                   Energy
Clusters  Energy     /point      Sqrt(E/Pt)
 
     18        0.1042        0.0002        0.0144
 
CLUSTER_CENSUS
  Individual cluster population and energy
 
  Index    Population   Percentage   Energy  Percentage  Min  Max
 
      1             5            1   30.8703          4  258  262
      2             4            0   44.2586          6    4    7
      3             3            0   96.3630         14  251  253
      4            12            2   23.7015          3  279  290
      5             9            1   28.6428          4  270  278
      6             7            1   34.5856          5  263  269
      7            19            3   25.1622          3  291  309
      8             7            1   34.6482          5   13   19
      9             4            0   44.0937          6  254  257
     10            36            7   25.8109          3  310  345
     11           155           31   24.9841          3   96  250
     12           155           31   23.9564          3  346  500
     13             9            1   28.6361          4   20   28
     14            36            7   26.2730          3   60   95
     15             3            0   96.6126         14    1    3
     16             5            1   30.9744          4    8   12
     17            12            2   23.6806          3   29   40
     18            19            3   25.2497          3   41   59
 
               ------          ---  ------------    ---
 
  Total           500          100   668.504        100    1  500
 
CVT_BASIS:
  Writing cluster generators to individual files.
 
  Write file gen_001.txt
  Write file gen_002.txt
  Write file gen_003.txt
  Write file gen_004.txt
  Write file gen_005.txt
  Write file gen_006.txt
  Write file gen_007.txt
  Write file gen_008.txt
  Write file gen_009.txt
  Write file gen_010.txt
  Write file gen_011.txt
  Write file gen_012.txt
  Write file gen_013.txt
  Write file gen_014.txt
  Write file gen_015.txt
  Write file gen_016.txt
  Write file gen_017.txt
  Write file gen_018.txt
 
CVT_BASIS
  Normal end of execution.
 
February  5 2004   2:49:21.574 PM
