February  5 2004  12:50:37.530 PM
 
CVT_BASIS
  Arrange a set of PDE solution data into clusters.
 
  Null cluster policy:
  0, do nothing, accept null clusters;
  1, reset center to a random data point;
  2, reset center to random point in hull;
 
  NULL_CLUSTER_POLICY =      1
 
RANDOM_INITIALIZE
  Initialize RANDOM_NUMBER with user SEED =     12345678
 
What is the run type?
 
  RUN_TYPE =      6
 
  For RUN_TYPE = 6,
  read in the steady state solution from "STEADY.TXT"
  and, letting SS be the steady state solution,
  subtract 5/3 SS from solutions 1 through 250
  subtract 1/3 SS from solutions 251 through 500.
  We do NOT normalize the result.
 
What is the name of the XY data file?
 
  The file "/a/fs/r1/src-samples/datasets/tcell_flow/xy.txt" contains 4961 lines.
 
  X minimum :    0.00000    
  X maximum :    1.00000    
  Y minimum :    0.00000    
  Y maximum :    1.00000    
 
What is the name of the steady state file?
 
  Steady state information was read from
  the file "/a/fs/r1/src-samples/datasets/tcell_flow/steady.txt".
 
  Steady max norm =    3.00284    
  Steady l2 norm =     121.425    
 
What is the name of the first solution file?
 
We believe the number of solution files is    500
 
  The data is stored in an M by N matrix.
 
  The "spatial" dimension M is     9922
  The number of data points N is    500
 
All the data has been read into POINT.
 
Enter lower and upper number of clusters
 
  The program will try to determine the minimum energy
  of a clustering, for cluster sizes in the range:
      14    14
 
Enter the number of different random cluster configurations to check
 
  For each number of clusters, the number of
  distinct initial random configurations to be checked
  will be      15
 
Enter the number of energy iterations
 
  For each initial random configuration, the number of
  times the program will recompute the cluster centers,
  cluster components, and energy is     30
 
Enter element file for mass matrix preconditioning or "None".
 
  Number of elements =   2400
  Number of nodes per element =      6
 
  The bandwidth of the matrix is    165
 
  Compute the mass matrix.
 
  Cholesky-factor the mass matrix.
 
Enter 0 to use raw data, 1 to use normalized data.
 
NORMAL = 0
  Data will NOT be normalized.
 
Number of clusters allowed:     14
 
     1
Initial_RAW     7.68192         0
HMEANS_RAW     0.214146        31
KMEANS_RAW     0.177044        17
 
     2
Initial_RAW     7.74477         0
HMEANS_RAW     0.210090        31
KMEANS_RAW     0.162123        16
 
     3
Initial_RAW     7.74021         0
HMEANS_RAW     0.209797        31
KMEANS_RAW     0.162123        16
 
     4
Initial_RAW     7.69798         0
HMEANS_RAW     0.214888        31
KMEANS_RAW     0.177044        17
 
     5
Initial_RAW     7.78745         0
HMEANS_RAW     0.206235        31
KMEANS_RAW     0.162123        15
 
     6
Initial_RAW     7.74754         0
HMEANS_RAW     0.205022        31
KMEANS_RAW     0.162123        15
 
     7
Initial_RAW     7.70855         0
HMEANS_RAW     0.220573        31
KMEANS_RAW     0.177377        18
 
     8
Initial_RAW     7.78116         0
HMEANS_RAW     0.187928        31
KMEANS_RAW     0.162123        15
 
     9
Initial_RAW     7.65610         0
HMEANS_RAW     0.221275        31
KMEANS_RAW     0.177377        18
 
    10
Initial_RAW     7.58142         0
HMEANS_RAW     0.218695        31
KMEANS_RAW     0.177044        17
 
    11
Initial_RAW     7.68560         0
HMEANS_RAW     0.207311        31
KMEANS_RAW     0.162123        16
 
    12
Initial_RAW     7.82519         0
HMEANS_RAW     0.206910        31
KMEANS_RAW     0.162123        16
 
    13
Initial_RAW     7.78954         0
HMEANS_RAW     0.208257        31
KMEANS_RAW     0.162123        16
 
    14
Initial_RAW     7.66151         0
HMEANS_RAW     0.253967        31
KMEANS_RAW     0.212456        25
 
    15
Initial_RAW     7.74662         0
HMEANS_RAW     0.263041        31
KMEANS_RAW     0.212456        27
 
ANALYSIS_RAW:
  Computed energy range for given cluster size:
 
  (The minimum and maximum should be close if
  we're taking enough iterations.)
 
  Number
  of       Minimum      Maximum
  Clusters Energy       Energy
 
     14        0.1621        0.2125
 
  Energy table:
 
Number
of                   Energy
Clusters  Energy     /point      Sqrt(E/Pt)
 
     14        0.1621        0.0003        0.0180
 
CLUSTER_CENSUS
  Individual cluster population and energy
 
  Index    Population   Percentage   Energy  Percentage  Min  Max
 
      1            11            2   66.3641          6  267  277
      2             3            0   96.6126          9    1    3
      3            11            2   66.3794          6   17   27
      4           170           34   61.4570          5   81  250
      5             3            0   96.3630          9  251  253
      6             8            1   87.0280          8    9   16
      7            18            3   68.4624          6   28   45
      8           170           34   59.2573          5  331  500
      9             5            1   77.3267          7  254  258
     10             5            1   77.6161          7    4    8
     11            35            7   64.0329          6  296  330
     12            35            7   64.6286          6   46   80
     13            18            3   68.5097          6  278  295
     14             8            1   86.7849          8  259  266
 
               ------          ---  ------------    ---
 
  Total           500          100   1040.82        100    1  500
 
CVT_BASIS:
  Writing cluster generators to individual files.
 
  Write file gen_001.txt
  Write file gen_002.txt
  Write file gen_003.txt
  Write file gen_004.txt
  Write file gen_005.txt
  Write file gen_006.txt
  Write file gen_007.txt
  Write file gen_008.txt
  Write file gen_009.txt
  Write file gen_010.txt
  Write file gen_011.txt
  Write file gen_012.txt
  Write file gen_013.txt
  Write file gen_014.txt
 
CVT_BASIS
  Normal end of execution.
 
February  5 2004   1:00:42.197 PM
