June 22 2002  11:48:44.326 AM
 
CVT_BASIS
  Arrange a set of PDE solution data into clusters.
 
  Null cluster policy:
  0, do nothing, accept null clusters;
  1, reset center to a random data point;
  2, reset center to random point in hull;
 
  NULL_CLUSTER_POLICY =      0
 
RANDOM_INITIALIZE
  Initialize RANDOM_NUMBER with user SEED =     12345678
 
What is the run type?
 
  RUN_TYPE =      7
 
  For RUN_TYPE = 7,
  read in the steady state solution from "STEADY.TXT"
  and, letting SS be the steady state solution,
  subtract 5/3 SS from solutions 1 through 250
  subtract 1/3 SS from solutions 251 through 500.
  We NORMALIZE the result.
 
What is the name of the XY data file?
 
  The file "/math/WWW/f_src/cvt_basis_inout/xy.txt" contains 1681 lines.
 
  X minimum :    0.00000    
  X maximum :    1.00000    
  Y minimum :    0.00000    
  Y maximum :    1.00000    
 
What is the name of the steady state file?
 
  Steady state information was read from
  the file "/math/WWW/f_src/cvt_basis_inout/steady.txt".
 
  Steady max norm =   0.300000    
  Steady l2 norm =     3.38866    
 
What is the name of the first solution file?
 
We believe the number of solution files is    500
 
  The data is stored in an M by N matrix.
 
  The "spatial" dimension M is     3362
  The number of data points N is    500
 
All the data has been read into POINT.
 
Enter lower and upper number of clusters
 
  The program will try to determine the minimum energy
  of a clustering, for cluster sizes in the range:
       8     8
 
Enter the number of different random cluster configurations to check
 
  For each number of clusters, the number of
  distinct initial random configurations to be checked
  will be      15
 
Enter the number of energy iterations
 
  For each initial random configuration, the number of
  times the program will recompute the cluster centers,
  cluster components, and energy is     30
 
Enter 0 to use raw data, 1 to use normalized data.
 
NORMAL = 0
  Data will NOT be normalized.
 
Number of clusters allowed:      8
 
     1
Initial_RAW     395.482         0
HMEANS_RAW      41.1979         5
KMEANS_RAW      22.5973        10
 
     2
Initial_RAW     384.642         0
HMEANS_RAW      24.3854        11
KMEANS_RAW      19.4366         6
 
     3
Initial_RAW     389.421         0
HMEANS_RAW      43.9496        11
KMEANS_RAW      22.5973        12
 
     4
Initial_RAW     387.027         0
HMEANS_RAW      25.1456         8
KMEANS_RAW      22.5973         6
 
     5
Initial_RAW     385.824         0
HMEANS_RAW      26.5024        21
KMEANS_RAW      18.8269         5
 
     6
Initial_RAW     383.576         0
HMEANS_RAW      30.0196        15
KMEANS_RAW      22.5973         8
 
     7
Initial_RAW     387.592         0
HMEANS_RAW      43.9496        15
KMEANS_RAW      22.5973        12
 
     8
Initial_RAW     400.180         0
HMEANS_RAW      32.2560        22
KMEANS_RAW      19.7880         9
 
     9
Initial_RAW     385.721         0
HMEANS_RAW      38.9056        11
KMEANS_RAW      22.5495        12
 
    10
Initial_RAW     384.656         0
HMEANS_RAW      41.2150        11
KMEANS_RAW      22.5973        10
 
    11
Initial_RAW     394.763         0
HMEANS_RAW      25.2509        23
KMEANS_RAW      22.6021         6
 
    12
Initial_RAW     387.281         0
HMEANS_RAW      41.2147        13
KMEANS_RAW      22.5973        10
 
    13
Initial_RAW     385.591         0
HMEANS_RAW      43.9496        11
KMEANS_RAW      22.5973        12
 
    14
Initial_RAW     393.502         0
HMEANS_RAW      43.9496        13
KMEANS_RAW      22.5973        12
 
    15
Initial_RAW     400.955         0
HMEANS_RAW      31.8871        12
KMEANS_RAW      18.8122        15
 
ANALYSIS_RAW:
  Computed energy range for given cluster size:
 
  (The minimum and maximum should be close if
  we're taking enough iterations.)
 
  Cluster  Minimum      Maximum
  Size     Energy       Energy
 
        8       18.8122       22.6021
 
  Energy table:
 
Cluster              Energy
Size      Energy     /point      Sqrt(E/Pt)
 
        8       18.8122        0.0376        0.1940
 
CLUSTER_CENSUS
  Individual cluster population and energy
 
  Index    Population   Percentage   Energy  Percentage  Min  Max
 
      1            50           10   3.60743         19   50  274
      2            62           12   2.14184         11  275  336
      3            35            7   1.74043          9  371  405
      4           105           21   3.69815         19    1  500
      5            19            3   2.40185         12   31   49
      6            34            6   1.65178          8  337  370
      7           175           35  0.579181          3   76  250
      8            20            4   2.99149         15   11   30
 
               ------          ---  ------------    ---
 
  Total           500          100   18.8122        100    1  500
 
CVT_BASIS:
  Writing cluster generators to individual files.
 
  Write file gen_001.txt
  Write file gen_002.txt
  Write file gen_003.txt
  Write file gen_004.txt
  Write file gen_005.txt
  Write file gen_006.txt
  Write file gen_007.txt
  Write file gen_008.txt
 
CVT_BASIS
  Normal end of execution.
 
June 22 2002  11:55:15.992 AM
